2020-09-27 15:02:53 [root] [INFO] :20: 访问网址：https://mobile-hwdev.jtmm.com/globalPC/#/
2020-09-27 15:02:53 [root] [INFO] :20: 正在定位元素信息：定位方式->class name, value值->header_bottom_content_search_input
2020-09-27 15:02:55 [root] [INFO] :20: 点击元素:('class name', 'header_bottom_content_search_input')
2020-09-27 15:02:55 [root] [INFO] :20: 正在定位元素信息：定位方式->class name, value值->header_bottom_content_search_input
2020-09-27 15:02:55 [root] [INFO] :20: 元素:('class name', 'header_bottom_content_search_input'),输入文本：iphone
2020-09-27 15:02:55 [root] [INFO] :20: 正在定位元素信息：定位方式->class name, value值->header_bottom_content_search_submit
2020-09-27 15:02:55 [root] [INFO] :20: 点击元素:('class name', 'header_bottom_content_search_submit')
2020-09-27 15:03:39 [root] [INFO] :20: 访问网址：https://mobile-hwdev.jtmm.com/globalPC/#/
2020-09-27 15:03:39 [root] [INFO] :20: 正在定位元素信息：定位方式->class name, value值->header_bottom_content_search_input
2020-09-27 15:03:39 [root] [INFO] :20: 点击元素:('class name', 'header_bottom_content_search_input')
2020-09-27 15:03:39 [root] [INFO] :20: 正在定位元素信息：定位方式->class name, value值->header_bottom_content_search_input
2020-09-27 15:03:39 [root] [INFO] :20: 元素:('class name', 'header_bottom_content_search_input'),输入文本：iphone
2020-09-27 15:03:39 [root] [INFO] :20: 正在定位元素信息：定位方式->class name, value值->header_bottom_content_search_submit
2020-09-27 15:03:40 [root] [INFO] :20: 点击元素:('class name', 'header_bottom_content_search_submit')
2020-09-28 13:36:17 [root] [INFO] :20: 访问网址：https://mobile-hwdev.jtmm.com/globalPC/#/
2020-09-28 13:36:17 [root] [INFO] :20: 正在定位元素信息：定位方式->class name, value值->header_bottom_content_search_input
2020-09-28 13:36:18 [root] [INFO] :20: 点击元素:('class name', 'header_bottom_content_search_input')
2020-09-28 13:36:18 [root] [INFO] :20: 正在定位元素信息：定位方式->class name, value值->header_bottom_content_search_input
2020-09-28 13:36:18 [root] [INFO] :20: 元素:('class name', 'header_bottom_content_search_input'),输入文本：iphone
2020-09-28 13:36:18 [root] [INFO] :20: 正在定位元素信息：定位方式->class name, value值->header_bottom_content_search_submit
2020-09-28 13:36:18 [root] [INFO] :20: 点击元素:('class name', 'header_bottom_content_search_submit')
